2025-01-02 22:05:58,802 - app_logger -                               INFO - Добавлен CORSMiddleware.
2025-01-02 22:17:11,243 - app_logger -                               INFO - Добавлен CORSMiddleware.
2025-01-02 22:17:20,275 - app_logger -                               INFO - Добавлен CORSMiddleware.
2025-01-02 22:17:28,922 - app_logger -                               INFO - Добавлен CORSMiddleware.
2025-01-02 22:17:28,922 - app_logger -                               INFO - Добавлен CORSMiddleware.
2025-01-02 22:18:03,093 - app_logger -                               INFO - Добавлен CORSMiddleware.
2025-01-02 22:18:12,213 - app_logger -                               INFO - Добавлен CORSMiddleware.
2025-01-02 22:18:17,962 - app_logger -                               INFO - Добавлен CORSMiddleware.
2025-01-02 22:18:17,962 - app_logger -                               INFO - Добавлен CORSMiddleware.
2025-01-02 22:20:02,949 - app_logger -                               INFO - Добавлен CORSMiddleware.
2025-01-02 22:20:11,583 - app_logger -                               INFO - Добавлен CORSMiddleware.
2025-01-02 22:20:19,188 - app_logger -                               INFO - Добавлен CORSMiddleware.
2025-01-02 22:20:19,188 - app_logger -                               INFO - Добавлен CORSMiddleware.
2025-01-02 22:26:03,910 - app_logger -                               INFO - Добавлен CORSMiddleware.
2025-01-02 22:30:12,306 - app_logger -                               INFO - Добавлен CORSMiddleware.
2025-01-02 22:35:37,935 - app_logger -                               INFO - Добавлен CORSMiddleware.
2025-01-02 22:35:45,272 - app_logger -                               INFO - Добавлен CORSMiddleware.
2025-01-02 22:35:51,975 - app_logger -                               INFO - Добавлен CORSMiddleware.
2025-01-02 22:35:51,975 - app_logger -                               INFO - Добавлен CORSMiddleware.
2025-01-02 22:37:53,634 - app_logger -                               INFO - Добавлен CORSMiddleware.
2025-01-02 22:38:03,305 - app_logger -                               INFO - Добавлен CORSMiddleware.
2025-01-02 22:38:11,486 - app_logger -                               INFO - Добавлен CORSMiddleware.
2025-01-02 22:38:11,486 - app_logger -                               INFO - Добавлен CORSMiddleware.
2025-01-02 22:40:44,169 - app_logger -                               INFO - Добавлен CORSMiddleware.
2025-01-02 22:40:53,077 - app_logger -                               INFO - Добавлен CORSMiddleware.
2025-01-02 22:40:59,141 - app_logger -                               INFO - Добавлен CORSMiddleware.
2025-01-02 22:40:59,141 - app_logger -                               INFO - Добавлен CORSMiddleware.
2025-01-02 22:41:06,556 - app_logger -                               INFO - Начало загрузки модели...
2025-01-02 22:41:06,556 - app_logger -                               INFO - Начало загрузки модели...
2025-01-02 22:41:06,556 - app_logger -                               INFO - Модель загружена.
2025-01-02 22:41:06,556 - app_logger -                               INFO - Модель загружена.
2025-01-02 22:41:09,685 - app_logger -                               INFO - Возвращен список моделей.
2025-01-02 22:41:09,685 - app_logger -                               INFO - Возвращен список моделей.
2025-01-02 22:41:26,650 - app_logger -                               INFO - Возвращен список моделей.
2025-01-02 22:41:26,650 - app_logger -                               INFO - Возвращен список моделей.
2025-01-02 22:41:43,078 - app_logger -                               INFO - Предсказание сделано для одного элемента с                  использованием модели model1.
2025-01-02 22:41:43,078 - app_logger -                               INFO - Предсказание сделано для одного элемента с                  использованием модели model1.
2025-01-02 22:42:11,402 - app_logger -                               INFO - Установлена активная модель 'model1'
2025-01-02 22:42:11,402 - app_logger -                               INFO - Установлена активная модель 'model1'
2025-01-02 22:42:20,212 - app_logger -                               INFO - Предсказание сделано для одного элемента с                  использованием модели model1.
2025-01-02 22:42:20,212 - app_logger -                               INFO - Предсказание сделано для одного элемента с                  использованием модели model1.
2025-01-02 22:43:19,252 - app_logger -                               INFO - Предсказание сделано для одного элемента с                  использованием модели model1.
2025-01-02 22:43:19,252 - app_logger -                               INFO - Предсказание сделано для одного элемента с                  использованием модели model1.
2025-01-02 22:43:21,836 - app_logger -                               INFO - Предсказание сделано для одного элемента с                  использованием модели model1.
2025-01-02 22:43:21,836 - app_logger -                               INFO - Предсказание сделано для одного элемента с                  использованием модели model1.
2025-01-02 22:44:32,429 - app_logger -                               INFO - Добавлен CORSMiddleware.
2025-01-02 22:44:41,107 - app_logger -                               INFO - Добавлен CORSMiddleware.
2025-01-02 22:44:46,568 - app_logger -                               INFO - Добавлен CORSMiddleware.
2025-01-02 22:44:46,568 - app_logger -                               INFO - Добавлен CORSMiddleware.
2025-01-02 22:44:54,066 - app_logger -                               INFO - Начало загрузки модели...
2025-01-02 22:44:54,066 - app_logger -                               INFO - Начало загрузки модели...
2025-01-02 22:44:54,066 - app_logger -                               INFO - Модель загружена.
2025-01-02 22:44:54,066 - app_logger -                               INFO - Модель загружена.
2025-01-02 22:45:08,414 - app_logger -                               INFO - Возвращен список моделей.
2025-01-02 22:45:08,414 - app_logger -                               INFO - Возвращен список моделей.
2025-01-02 22:45:17,848 - app_logger -                               INFO - Установлена активная модель 'model1'
2025-01-02 22:45:17,848 - app_logger -                               INFO - Установлена активная модель 'model1'
2025-01-02 22:45:25,018 - app_logger -                               INFO - Предсказание сделано для одного элемента с                  использованием модели model1.
2025-01-02 22:45:25,018 - app_logger -                               INFO - Предсказание сделано для одного элемента с                  использованием модели model1.
2025-01-02 22:45:37,380 - app_logger -                               INFO - Предсказание сделано для одного элемента из файла с                  использованием модели model1.
2025-01-02 22:45:37,380 - app_logger -                               INFO - Предсказание сделано для одного элемента из файла с                  использованием модели model1.
2025-01-02 22:47:02,514 - app_logger -                               INFO - Вероятностное предсказание сделано для одного элемента                  с использованием модели model1.
2025-01-02 22:47:02,514 - app_logger -                               INFO - Вероятностное предсказание сделано для одного элемента                  с использованием модели model1.
2025-01-02 22:47:49,159 - app_logger -                               INFO - Вероятностное предсказание сделано для одного элемента                  с использованием модели model1.
2025-01-02 22:47:49,159 - app_logger -                               INFO - Вероятностное предсказание сделано для одного элемента                  с использованием модели model1.
2025-01-02 22:48:25,730 - app_logger -                               INFO - Вероятностное предсказание сделано для одного элемента из                 файла с использованием модели model1.
2025-01-02 22:48:25,730 - app_logger -                               INFO - Вероятностное предсказание сделано для одного элемента из                 файла с использованием модели model1.
2025-01-02 22:48:51,904 - app_logger -                               INFO - Предсказания сделаны для нескольких элементов                  с использованием модели model1.
2025-01-02 22:48:51,904 - app_logger -                               INFO - Предсказания сделаны для нескольких элементов                  с использованием модели model1.
2025-01-02 22:49:08,673 - app_logger -                               INFO - Вероятностные предсказания сделаны для нескольких элементов                 с использованием модели model1.
2025-01-02 22:49:08,673 - app_logger -                               INFO - Вероятностные предсказания сделаны для нескольких элементов                 с использованием модели model1.
2025-01-02 22:49:41,454 - app_logger -                               WARNING - Попытка обучить model1, которую долго обучать.
2025-01-02 22:49:41,454 - app_logger -                               WARNING - Попытка обучить model1, которую долго обучать.
2025-01-02 22:49:50,399 - app_logger -                               INFO - Возвращен список моделей.
2025-01-02 22:49:50,399 - app_logger -                               INFO - Возвращен список моделей.
2025-01-02 22:49:56,562 - app_logger -                               INFO - Установлена активная модель 'model2'
2025-01-02 22:49:56,562 - app_logger -                               INFO - Установлена активная модель 'model2'
2025-01-02 22:50:04,653 - app_logger -                               INFO - Установлена активная модель 'model3'
2025-01-02 22:50:04,653 - app_logger -                               INFO - Установлена активная модель 'model3'
2025-01-02 22:50:39,793 - app_logger -                               INFO - Модель model3 успешно обучена за 6.31 секунд.
2025-01-02 22:50:39,793 - app_logger -                               INFO - Модель model3 успешно обучена за 6.31 секунд.
2025-01-02 22:51:58,854 - app_logger -                               ERROR - Ошибка при вычислении кривой обучения: n_splits=2 cannot be greater than the number of members in each class.
2025-01-02 22:51:58,854 - app_logger -                               ERROR - Ошибка при вычислении кривой обучения: n_splits=2 cannot be greater than the number of members in each class.
2025-01-02 22:52:37,751 - app_logger -                               INFO - Кривая обучения успешно рассчитана.
2025-01-02 22:52:37,751 - app_logger -                               INFO - Кривая обучения успешно рассчитана.
2025-01-02 22:52:55,595 - app_logger -                               INFO - Установлена активная модель 'model4'
2025-01-02 22:52:55,595 - app_logger -                               INFO - Установлена активная модель 'model4'
2025-01-02 22:53:34,818 - app_logger -                               INFO - Модель с id 'model4' успешно дообучена с новыми данными.
2025-01-02 22:53:34,818 - app_logger -                               INFO - Модель с id 'model4' успешно дообучена с новыми данными.
2025-01-02 22:57:50,098 - app_logger -                               INFO - Предсказание сделано для одного элемента из файла с                  использованием модели model4.
2025-01-02 22:57:50,098 - app_logger -                               INFO - Предсказание сделано для одного элемента из файла с                  использованием модели model4.
2025-01-02 22:59:12,663 - app_logger -                               INFO - Добавлен CORSMiddleware.
2025-01-02 22:59:21,861 - app_logger -                               INFO - Добавлен CORSMiddleware.
2025-01-02 22:59:27,539 - app_logger -                               INFO - Добавлен CORSMiddleware.
2025-01-02 22:59:27,539 - app_logger -                               INFO - Добавлен CORSMiddleware.
2025-01-02 22:59:34,743 - app_logger -                               INFO - Начало загрузки модели...
2025-01-02 22:59:34,743 - app_logger -                               INFO - Начало загрузки модели...
2025-01-02 22:59:34,743 - app_logger -                               INFO - Модель загружена.
2025-01-02 22:59:34,743 - app_logger -                               INFO - Модель загружена.
2025-01-02 23:00:46,241 - app_logger -                               INFO - Предсказание сделано для одного элемента с                  использованием модели model1.
2025-01-02 23:00:46,241 - app_logger -                               INFO - Предсказание сделано для одного элемента с                  использованием модели model1.
2025-01-02 23:01:00,798 - app_logger -                               INFO - Предсказание сделано для одного элемента из файла с                  использованием модели model1.
2025-01-02 23:01:00,798 - app_logger -                               INFO - Предсказание сделано для одного элемента из файла с                  использованием модели model1.
2025-01-02 23:01:07,579 - app_logger -                               INFO - Вероятностное предсказание сделано для одного элемента                  с использованием модели model1.
2025-01-02 23:01:07,579 - app_logger -                               INFO - Вероятностное предсказание сделано для одного элемента                  с использованием модели model1.
2025-01-02 23:01:16,903 - app_logger -                               INFO - Вероятностное предсказание сделано для одного элемента из                 файла с использованием модели model1.
2025-01-02 23:01:16,903 - app_logger -                               INFO - Вероятностное предсказание сделано для одного элемента из                 файла с использованием модели model1.
2025-01-02 23:01:47,860 - app_logger -                               INFO - Вероятностное предсказание сделано для одного элемента из                 файла с использованием модели model1.
2025-01-02 23:01:47,860 - app_logger -                               INFO - Вероятностное предсказание сделано для одного элемента из                 файла с использованием модели model1.
2025-01-02 23:41:28,704 - app_logger -                               INFO - Добавлен CORSMiddleware.
2025-01-02 23:41:39,331 - app_logger -                               INFO - Добавлен CORSMiddleware.
2025-01-02 23:41:48,689 - app_logger -                               INFO - Добавлен CORSMiddleware.
2025-01-02 23:41:48,689 - app_logger -                               INFO - Добавлен CORSMiddleware.
2025-01-02 23:42:02,541 - app_logger -                               INFO - Начало загрузки модели...
2025-01-02 23:42:02,541 - app_logger -                               INFO - Начало загрузки модели...
2025-01-02 23:42:02,542 - app_logger -                               INFO - Модель загружена.
2025-01-02 23:42:02,542 - app_logger -                               INFO - Модель загружена.
2025-01-02 23:42:04,924 - app_logger -                               INFO - Возвращен список моделей.
2025-01-02 23:42:04,924 - app_logger -                               INFO - Возвращен список моделей.
2025-01-02 23:42:17,827 - app_logger -                               INFO - Установлена активная модель 'model2'
2025-01-02 23:42:17,827 - app_logger -                               INFO - Установлена активная модель 'model2'
2025-01-02 23:45:08,375 - app_logger -                               ERROR - Ошибка при вычислении кривой обучения: n_splits=2 cannot be greater than the number of members in each class.
2025-01-02 23:45:08,375 - app_logger -                               ERROR - Ошибка при вычислении кривой обучения: n_splits=2 cannot be greater than the number of members in each class.
2025-01-02 23:48:32,792 - app_logger -                               INFO - Кривая обучения успешно рассчитана.
2025-01-02 23:48:32,792 - app_logger -                               INFO - Кривая обучения успешно рассчитана.
2025-01-03 11:45:01,071 - app_logger -                               INFO - Добавлен CORSMiddleware.
2025-01-03 11:54:42,580 - app_logger -                               INFO - Добавлен CORSMiddleware.
2025-01-03 11:54:50,236 - app_logger -                               INFO - Добавлен CORSMiddleware.
2025-01-03 11:54:57,515 - app_logger -                               INFO - Добавлен CORSMiddleware.
2025-01-03 11:54:57,515 - app_logger -                               INFO - Добавлен CORSMiddleware.
2025-01-03 11:55:05,512 - app_logger -                               INFO - Начало загрузки модели...
2025-01-03 11:55:05,512 - app_logger -                               INFO - Начало загрузки модели...
2025-01-03 11:55:05,512 - app_logger -                               INFO - Модель загружена.
2025-01-03 11:55:05,512 - app_logger -                               INFO - Модель загружена.
2025-01-03 11:55:09,129 - app_logger -                               INFO - Возвращен список моделей.
2025-01-03 11:55:09,129 - app_logger -                               INFO - Возвращен список моделей.
2025-01-03 11:55:54,244 - app_logger -                               INFO - Предсказание сделано для одного элемента с                  использованием модели model1.
2025-01-03 11:55:54,244 - app_logger -                               INFO - Предсказание сделано для одного элемента с                  использованием модели model1.
2025-01-03 11:56:56,810 - app_logger -                               INFO - Возвращен список моделей.
2025-01-03 11:56:56,810 - app_logger -                               INFO - Возвращен список моделей.
2025-01-03 11:59:03,291 - app_logger -                               INFO - Предсказание сделано для одного элемента с                  использованием модели model1.
2025-01-03 11:59:03,291 - app_logger -                               INFO - Предсказание сделано для одного элемента с                  использованием модели model1.
2025-01-03 12:01:19,054 - app_logger -                               INFO - Возвращен список моделей.
2025-01-03 12:01:19,054 - app_logger -                               INFO - Возвращен список моделей.
2025-01-03 12:01:32,817 - app_logger -                               INFO - Установлена активная модель 'model3'
2025-01-03 12:01:32,817 - app_logger -                               INFO - Установлена активная модель 'model3'
2025-01-03 12:01:40,343 - app_logger -                               INFO - Вероятностное предсказание сделано для одного элемента                  с использованием модели model3.
2025-01-03 12:01:40,343 - app_logger -                               INFO - Вероятностное предсказание сделано для одного элемента                  с использованием модели model3.
2025-01-03 12:01:47,100 - app_logger -                               INFO - Предсказания сделаны для нескольких элементов                  с использованием модели model3.
2025-01-03 12:01:47,100 - app_logger -                               INFO - Предсказания сделаны для нескольких элементов                  с использованием модели model3.
2025-01-03 12:01:53,375 - app_logger -                               INFO - Вероятностные предсказания сделаны для нескольких элементов                 с использованием модели model3.
2025-01-03 12:01:53,375 - app_logger -                               INFO - Вероятностные предсказания сделаны для нескольких элементов                 с использованием модели model3.
2025-01-03 12:03:42,009 - app_logger -                               ERROR - Ошибка при обучении модели: n_splits=2 cannot be greater than the number of members in each class.
2025-01-03 12:03:42,009 - app_logger -                               ERROR - Ошибка при обучении модели: n_splits=2 cannot be greater than the number of members in each class.
2025-01-03 12:04:44,847 - app_logger -                               ERROR - Ошибка при обучении модели: n_splits=2 cannot be greater than the number of members in each class.
2025-01-03 12:04:44,847 - app_logger -                               ERROR - Ошибка при обучении модели: n_splits=2 cannot be greater than the number of members in each class.
2025-01-03 12:10:34,481 - app_logger -                               ERROR - Ошибка при обучении модели: n_splits=2 cannot be greater than the number of members in each class.
2025-01-03 12:10:34,481 - app_logger -                               ERROR - Ошибка при обучении модели: n_splits=2 cannot be greater than the number of members in each class.
2025-01-03 12:11:37,184 - app_logger -                               ERROR - Частичное обучение поддерживается только для model4. Активируйте model4, чтобы продолжить.
2025-01-03 12:11:37,184 - app_logger -                               ERROR - Частичное обучение поддерживается только для model4. Активируйте model4, чтобы продолжить.
2025-01-03 12:11:44,502 - app_logger -                               INFO - Установлена активная модель 'model4'
2025-01-03 12:11:44,502 - app_logger -                               INFO - Установлена активная модель 'model4'
2025-01-03 12:12:10,274 - app_logger -                               INFO - Модель с id 'model4' успешно дообучена с новыми данными.
2025-01-03 12:12:10,274 - app_logger -                               INFO - Модель с id 'model4' успешно дообучена с новыми данными.
2025-01-03 12:14:16,176 - app_logger -                               INFO - Модель с id 'model4' успешно дообучена с новыми данными.
2025-01-03 12:14:16,176 - app_logger -                               INFO - Модель с id 'model4' успешно дообучена с новыми данными.
2025-01-03 12:20:49,993 - app_logger -                               INFO - Модель с id 'model6' успешно дообучена с новыми данными.
2025-01-03 12:20:49,993 - app_logger -                               INFO - Модель с id 'model6' успешно дообучена с новыми данными.
2025-01-03 12:23:29,526 - app_logger -                               ERROR - Модель с id "model6" не найдена для обучения.
2025-01-03 12:23:29,526 - app_logger -                               ERROR - Модель с id "model6" не найдена для обучения.
2025-01-03 12:24:15,274 - app_logger -                               INFO - Возвращен список моделей.
2025-01-03 12:24:15,274 - app_logger -                               INFO - Возвращен список моделей.
2025-01-03 12:24:35,098 - app_logger -                               INFO - Установлена активная модель 'model4'
2025-01-03 12:24:35,098 - app_logger -                               INFO - Установлена активная модель 'model4'
2025-01-03 12:26:41,071 - app_logger -                               INFO - Модель model4 успешно обучена за 79.44 секунд.
2025-01-03 12:26:41,071 - app_logger -                               INFO - Модель model4 успешно обучена за 79.44 секунд.
2025-01-03 13:17:31,329 - app_logger -                               INFO - Добавлен CORSMiddleware.
2025-01-03 13:17:40,509 - app_logger -                               INFO - Добавлен CORSMiddleware.
2025-01-03 13:17:47,886 - app_logger -                               INFO - Добавлен CORSMiddleware.
2025-01-03 13:17:47,886 - app_logger -                               INFO - Добавлен CORSMiddleware.
2025-01-03 13:17:56,316 - app_logger -                               INFO - Начало загрузки модели...
2025-01-03 13:17:56,316 - app_logger -                               INFO - Начало загрузки модели...
2025-01-03 13:17:56,317 - app_logger -                               INFO - Модель загружена.
2025-01-03 13:17:56,317 - app_logger -                               INFO - Модель загружена.
2025-01-03 13:18:34,565 - app_logger -                               INFO - Возвращен список моделей.
2025-01-03 13:18:34,565 - app_logger -                               INFO - Возвращен список моделей.
2025-01-03 13:18:48,498 - app_logger -                               INFO - Установлена активная модель 'model3'
2025-01-03 13:18:48,498 - app_logger -                               INFO - Установлена активная модель 'model3'
2025-01-03 13:22:00,094 - app_logger -                               INFO - Модель model3 успешно обучена за 69.2 секунд.
2025-01-03 13:22:00,094 - app_logger -                               INFO - Модель model3 успешно обучена за 69.2 секунд.
2025-01-03 13:26:38,243 - app_logger -                               INFO - Добавлен CORSMiddleware.
2025-01-03 13:26:46,815 - app_logger -                               INFO - Добавлен CORSMiddleware.
2025-01-03 13:26:52,857 - app_logger -                               INFO - Добавлен CORSMiddleware.
2025-01-03 13:26:52,857 - app_logger -                               INFO - Добавлен CORSMiddleware.
2025-01-03 13:27:01,127 - app_logger -                               INFO - Начало загрузки модели...
2025-01-03 13:27:01,127 - app_logger -                               INFO - Начало загрузки модели...
2025-01-03 13:27:01,127 - app_logger -                               INFO - Модель загружена.
2025-01-03 13:27:01,127 - app_logger -                               INFO - Модель загружена.
2025-01-03 13:27:36,254 - app_logger -                               INFO - Возвращен список моделей.
2025-01-03 13:27:36,254 - app_logger -                               INFO - Возвращен список моделей.
2025-01-03 13:27:40,428 - app_logger -                               INFO - Возвращен список моделей.
2025-01-03 13:27:40,428 - app_logger -                               INFO - Возвращен список моделей.
2025-01-03 13:27:50,078 - app_logger -                               INFO - Установлена активная модель 'model3'
2025-01-03 13:27:50,078 - app_logger -                               INFO - Установлена активная модель 'model3'
2025-01-03 13:28:42,891 - app_logger -                               INFO - Модель model3 успешно обучена за 27.66 секунд.
2025-01-03 13:28:42,891 - app_logger -                               INFO - Модель model3 успешно обучена за 27.66 секунд.
2025-01-03 13:30:39,466 - app_logger -                               INFO - Добавлен CORSMiddleware.
2025-01-03 13:30:49,100 - app_logger -                               INFO - Добавлен CORSMiddleware.
2025-01-03 13:30:55,319 - app_logger -                               INFO - Добавлен CORSMiddleware.
2025-01-03 13:30:55,319 - app_logger -                               INFO - Добавлен CORSMiddleware.
2025-01-03 13:31:02,550 - app_logger -                               INFO - Начало загрузки модели...
2025-01-03 13:31:02,550 - app_logger -                               INFO - Начало загрузки модели...
2025-01-03 13:31:02,550 - app_logger -                               INFO - Модель загружена.
2025-01-03 13:31:02,550 - app_logger -                               INFO - Модель загружена.
2025-01-03 13:31:10,160 - app_logger -                               INFO - Возвращен список моделей.
2025-01-03 13:31:10,160 - app_logger -                               INFO - Возвращен список моделей.
2025-01-03 13:31:18,593 - app_logger -                               INFO - Установлена активная модель 'model3'
2025-01-03 13:31:18,593 - app_logger -                               INFO - Установлена активная модель 'model3'
2025-01-03 13:32:58,095 - app_logger -                               INFO - Модель model3 успешно обучена за 69.24 секунд.
2025-01-03 13:32:58,095 - app_logger -                               INFO - Модель model3 успешно обучена за 69.24 секунд.
2025-01-03 13:34:00,124 - app_logger -                               INFO - Добавлен CORSMiddleware.
2025-01-03 13:34:09,135 - app_logger -                               INFO - Добавлен CORSMiddleware.
2025-01-03 13:34:15,100 - app_logger -                               INFO - Добавлен CORSMiddleware.
2025-01-03 13:34:15,100 - app_logger -                               INFO - Добавлен CORSMiddleware.
2025-01-03 13:34:22,690 - app_logger -                               INFO - Начало загрузки модели...
2025-01-03 13:34:22,690 - app_logger -                               INFO - Начало загрузки модели...
2025-01-03 13:34:22,690 - app_logger -                               INFO - Модель загружена.
2025-01-03 13:34:22,690 - app_logger -                               INFO - Модель загружена.
2025-01-03 13:34:30,558 - app_logger -                               INFO - Возвращен список моделей.
2025-01-03 13:34:30,558 - app_logger -                               INFO - Возвращен список моделей.
2025-01-03 13:34:42,375 - app_logger -                               INFO - Установлена активная модель 'model3'
2025-01-03 13:34:42,375 - app_logger -                               INFO - Установлена активная модель 'model3'
2025-01-03 13:36:17,093 - app_logger -                               INFO - Модель model3 успешно обучена за 68.06 секунд.
2025-01-03 13:36:17,093 - app_logger -                               INFO - Модель model3 успешно обучена за 68.06 секунд.
2025-01-03 13:40:31,139 - app_logger -                               INFO - Установлена активная модель 'model2'
2025-01-03 13:40:31,139 - app_logger -                               INFO - Установлена активная модель 'model2'
2025-01-03 13:44:21,789 - app_logger -                               INFO - Модель model2 успешно обучена за 184.96 секунд.
2025-01-03 13:44:21,789 - app_logger -                               INFO - Модель model2 успешно обучена за 184.96 секунд.
2025-01-03 13:46:57,474 - app_logger -                               INFO - Добавлен CORSMiddleware.
2025-01-03 13:47:07,443 - app_logger -                               INFO - Добавлен CORSMiddleware.
2025-01-03 13:47:13,436 - app_logger -                               INFO - Добавлен CORSMiddleware.
2025-01-03 13:47:13,436 - app_logger -                               INFO - Добавлен CORSMiddleware.
2025-01-03 13:47:21,305 - app_logger -                               INFO - Начало загрузки модели...
2025-01-03 13:47:21,305 - app_logger -                               INFO - Начало загрузки модели...
2025-01-03 13:47:21,305 - app_logger -                               INFO - Модель загружена.
2025-01-03 13:47:21,305 - app_logger -                               INFO - Модель загружена.
2025-01-03 13:47:52,250 - app_logger -                               INFO - Установлена активная модель 'model2'
2025-01-03 13:47:52,250 - app_logger -                               INFO - Установлена активная модель 'model2'
2025-01-03 13:47:56,032 - app_logger -                               INFO - Возвращен список моделей.
2025-01-03 13:47:56,032 - app_logger -                               INFO - Возвращен список моделей.
2025-01-03 13:51:17,802 - app_logger -                               INFO - Модель model2 успешно обучена за 163.6 секунд.
2025-01-03 13:51:17,802 - app_logger -                               INFO - Модель model2 успешно обучена за 163.6 секунд.
